<?xml version="1.0" encoding="UTF-8"?>
<testsuite name="demo.CucumberRunner" tests="0" skipped="0" failures="0" errors="0" timestamp="1970-01-01T00:00:00" hostname="dnid0663l01.local" time="0.0">
  <properties/>
  <system-out><![CDATA[  ?[32mGiven ?[0m?[32mUser is on E-money Sign In Page?[0m                                  ?[90m# demo.steps_definition.SignInStepDefinitions.userIsOnEMoneySignInPage()?[0m
  ?[32mWhen ?[0m?[32mUser input email ?[0m?[32m?[1m"ltfrzky@gmail.com"?[0m?[32m on email or phone text field?[0m ?[90m# demo.steps_definition.SignInStepDefinitions.userInputEmailOnEmailOrPhoneTextField(java.lang.String)?[0m
  ?[32mAnd ?[0m?[32mUser input password ?[0m?[32m?[1m"P@ssw0rd"?[0m?[32m on password text field?[0m              ?[90m# demo.steps_definition.SignInStepDefinitions.userInputPasswordOnPasswordTextField(java.lang.String)?[0m
  ?[32mAnd ?[0m?[32mUser click sign in button on Sign In page?[0m                          ?[90m# demo.steps_definition.SignInStepDefinitions.userClickSignInButtonOnSignInPage()?[0m
  ?[32mAnd ?[0m?[32mUser is on top up e-money homepage?[0m                                 ?[90m# demo.steps.TopUpStepsDefinition.userIsOnTopUpEMoneyHomepage()?[0m
  ?[32mWhen ?[0m?[32mUser input ?[0m?[32m?[1m"6032123432123210"?[0m?[32m on card number text field?[0m           ?[90m# demo.steps.TopUpStepsDefinition.userInputOnCardNumberTextField(java.lang.String)?[0m
  ?[32mThen ?[0m?[32mUser see the option top up amount?[0m                                 ?[90m# demo.steps.TopUpStepsDefinition.userSeeTheOptionTopUpAmount()?[0m
  ?[32mGiven ?[0m?[32mUser is on E-money Sign In Page?[0m                                  ?[90m# demo.steps_definition.SignInStepDefinitions.userIsOnEMoneySignInPage()?[0m
  ?[32mWhen ?[0m?[32mUser input email ?[0m?[32m?[1m"ltfrzky@gmail.com"?[0m?[32m on email or phone text field?[0m ?[90m# demo.steps_definition.SignInStepDefinitions.userInputEmailOnEmailOrPhoneTextField(java.lang.String)?[0m
  ?[32mAnd ?[0m?[32mUser input password ?[0m?[32m?[1m"P@ssw0rd"?[0m?[32m on password text field?[0m              ?[90m# demo.steps_definition.SignInStepDefinitions.userInputPasswordOnPasswordTextField(java.lang.String)?[0m
  ?[32mAnd ?[0m?[32mUser click sign in button on Sign In page?[0m                          ?[90m# demo.steps_definition.SignInStepDefinitions.userClickSignInButtonOnSignInPage()?[0m
  ?[32mAnd ?[0m?[32mUser is on top up e-money homepage?[0m                                 ?[90m# demo.steps.TopUpStepsDefinition.userIsOnTopUpEMoneyHomepage()?[0m
  ?[32mWhen ?[0m?[32mUser input ?[0m?[32m?[1m"6032123432123240"?[0m?[32m on card number text field?[0m           ?[90m# demo.steps.TopUpStepsDefinition.userInputOnCardNumberTextField(java.lang.String)?[0m
  ?[32mThen ?[0m?[32mUser see the option top up amount?[0m                                 ?[90m# demo.steps.TopUpStepsDefinition.userSeeTheOptionTopUpAmount()?[0m

2 Scenarios (?[32m2 passed?[0m)
14 Steps (?[32m14 passed?[0m)
0m38.302s


]]></system-out>
  <system-err><![CDATA[May 19, 2020 10:11:28 AM io.cucumber.junit.Cucumber <init>
WARNING: By default Cucumber is running in --non-strict mode.
This default will change to --strict and --non-strict will be removed.
You can use --strict or @CucumberOptions(strict = true) to suppress this warning
]]></system-err>
</testsuite>
