<?xml version="1.0" encoding="UTF-8"?>
<testsuite name="User Sign In with correct email and correct password" tests="6" skipped="0" failures="0" errors="0" timestamp="2020-05-18T12:53:14" hostname="LAPTOP-41OO5CKO" time="12.796">
  <properties/>
  <testcase name="User is on E-money Sign In Page" classname="User Sign In with correct email and correct password" time="4.303"/>
  <testcase name="User input email &quot;ltfrzky@gmail.com&quot; on email or phone text field" classname="User Sign In with correct email and correct password" time="1.099"/>
  <testcase name="User input password &quot;P@ssw0rd&quot; on password text field" classname="User Sign In with correct email and correct password" time="1.765"/>
  <testcase name="User click sign in button on Sign In page" classname="User Sign In with correct email and correct password" time="0.998"/>
  <testcase name="User is in homepage" classname="User Sign In with correct email and correct password" time="4.308"/>
  <testcase name="classMethod" classname="User Sign In with correct email and correct password" time="38.409"/>
  <system-out><![CDATA[
@Android @SignIn @Check
Scenario: User Sign In with correct email and correct password           ?[90m# src/test/resources/features/signin/Signin.feature:6?[0m
]]></system-out>
  <system-err><![CDATA[May 18, 2020 9:53:14 PM io.appium.java_client.remote.AppiumCommandExecutor$1 lambda$0
INFO: Detected dialect: W3C
]]></system-err>
</testsuite>
